Using pre-set license
Built from '2020.2/release' branch; Version is '2020.2.1f1 (270dd8c3da1c) revision 2559448'; Using compiler version '192528614'; Build Type 'Release'
OS: 'Windows 10  (10.0.0) 64bit' Language: 'en' Physical Memory: 16313 MB
BatchMode: 1, IsHumanControllingUs: 0, StartBugReporterOnCrash: 0, Is64bit: 1, IsPro: 0

 COMMAND LINE ARGUMENTS:
C:\Users\Sophie\Documents\2020.2.1f1\Editor\Unity.exe
-adb2
-batchMode
-noUpm
-name
AssetImportWorker0
-projectPath
B:/OneDrive - University of Lincoln/Uni/Year 3/Project/Will You Capitulate
-logFile
Logs/AssetImportWorker0.log
-srvPort
58448
Successfully changed project path to: B:/OneDrive - University of Lincoln/Uni/Year 3/Project/Will You Capitulate
B:/OneDrive - University of Lincoln/Uni/Year 3/Project/Will You Capitulate
Using Asset Import Pipeline V2.
Refreshing native plugins compatible for Editor in 55.19 ms, found 0 plugins.
Preloading 0 native plugins for Editor in 0.00 ms.
Initialize engine version: 2020.2.1f1 (270dd8c3da1c)
[Subsystems] Discovering subsystems at path C:/Users/Sophie/Documents/2020.2.1f1/Editor/Data/Resources/UnitySubsystems
[Subsystems] Discovering subsystems at path B:/OneDrive - University of Lincoln/Uni/Year 3/Project/Will You Capitulate/Assets
GfxDevice: creating device client; threaded=0
Direct3D:
    Version:  Direct3D 11.0 [level 11.1]
    Renderer: NVIDIA GeForce GTX 1050 Ti (ID=0x1c82)
    Vendor:   
    VRAM:     4018 MB
    Driver:   27.21.14.5671
Initialize mono
Mono path[0] = 'C:/Users/Sophie/Documents/2020.2.1f1/Editor/Data/Managed'
Mono path[1] = 'C:/Users/Sophie/Documents/2020.2.1f1/Editor/Data/MonoBleedingEdge/lib/mono/unityjit'
Mono config path = 'C:/Users/Sophie/Documents/2020.2.1f1/Editor/Data/MonoBleedingEdge/etc'
Using monoOptions --debugger-agent=transport=dt_socket,embedding=1,server=y,suspend=n,address=127.0.0.1:56088
Begin MonoManager ReloadAssembly
Registering precompiled unity dll's ...
Register platform support module: C:/Users/Sophie/Documents/2020.2.1f1/Editor/Data/PlaybackEngines/WindowsStandaloneSupport/UnityEditor.WindowsStandalone.Extensions.dll
Registered in 0.001629 seconds.
Native extension for WindowsStandalone target not found
Refreshing native plugins compatible for Editor in 54.00 ms, found 0 plugins.
Preloading 0 native plugins for Editor in 0.00 ms.
Invoked RoslynAnalysisRunner static constructor.
RoslynAnalysisRunner will not be running.
RoslynAnalysisRunner has terminated.
Mono: successfully reloaded assembly
- Completed reload, in  2.750 seconds
Platform modules already initialized, skipping
Registering precompiled user dll's ...
Registered in 0.003379 seconds.
Begin MonoManager ReloadAssembly
Native extension for WindowsStandalone target not found
Refreshing native plugins compatible for Editor in 0.76 ms, found 0 plugins.
Preloading 0 native plugins for Editor in 0.00 ms.
Invoked RoslynAnalysisRunner static constructor.
RoslynAnalysisRunner will not be running.
RoslynAnalysisRunner has terminated.
Mono: successfully reloaded assembly
- Completed reload, in  1.697 seconds
Platform modules already initialized, skipping
========================================================================
Worker process is ready to serve import requests
Launched and connected shader compiler UnityShaderCompiler.exe after 0.05 seconds
Refreshing native plugins compatible for Editor in 0.50 ms, found 0 plugins.
Preloading 0 native plugins for Editor in 0.00 ms.
Unloading 1754 Unused Serialized files (Serialized files now loaded: 0)
System memory in use before: 165.1 MB.
System memory in use after: 165.1 MB.

Unloading 12 unused Assets to reduce memory usage. Loaded Objects now: 2208.
Total: 2.861400 ms (FindLiveObjects: 0.270400 ms CreateObjectMapping: 0.050900 ms MarkObjects: 2.314800 ms  DeleteObjects: 0.223900 ms)

========================================================================
Received Import Request.
  path: Assets/Enemies/Prefabs/Heavy_droid.prefab
  artifactKey: Guid(78371bd39cabd6444a2172165d0be7a9) Importer(815301076,1909f56bfc062723c751e8b465ee728b)
Start importing Assets/Enemies/Prefabs/Heavy_droid.prefab using Guid(78371bd39cabd6444a2172165d0be7a9) Importer(815301076,1909f56bfc062723c751e8b465ee728b)  -> (artifact id: '501ed5d751c7d766b3251b1dd36ca131') in 0.199779 seconds
  Import took 0.212260 seconds .

========================================================================
Received Import Request.
  Time since last request: 0.000538 seconds.
  path: Assets/Enemies/Prefabs/Assault_droid.prefab
  artifactKey: Guid(885ff2a8199b92b459edd5c9476d5bd0) Importer(815301076,1909f56bfc062723c751e8b465ee728b)
Start importing Assets/Enemies/Prefabs/Assault_droid.prefab using Guid(885ff2a8199b92b459edd5c9476d5bd0) Importer(815301076,1909f56bfc062723c751e8b465ee728b)  -> (artifact id: 'e907515079c942632e404e7364f56a01') in 0.038682 seconds
  Import took 0.050524 seconds .

========================================================================
Received Prepare
Registering precompiled user dll's ...
Registered in 0.002850 seconds.
Begin MonoManager ReloadAssembly
Native extension for WindowsStandalone target not found
Refreshing native plugins compatible for Editor in 0.46 ms, found 0 plugins.
Preloading 0 native plugins for Editor in 0.00 ms.
Invoked RoslynAnalysisRunner static constructor.
RoslynAnalysisRunner will not be running.
RoslynAnalysisRunner has terminated.
Mono: successfully reloaded assembly
- Completed reload, in  1.087 seconds
Platform modules already initialized, skipping
Refreshing native plugins compatible for Editor in 0.50 ms, found 0 plugins.
Preloading 0 native plugins for Editor in 0.00 ms.
Unloading 1722 Unused Serialized files (Serialized files now loaded: 0)
System memory in use before: 178.1 MB.
System memory in use after: 178.1 MB.

Unloading 7 unused Assets to reduce memory usage. Loaded Objects now: 2219.
Total: 2.331400 ms (FindLiveObjects: 0.230000 ms CreateObjectMapping: 0.048800 ms MarkObjects: 1.910500 ms  DeleteObjects: 0.141100 ms)

========================================================================
Received Import Request.
  Time since last request: 1218.151015 seconds.
  path: Assets/Enemies/Prefabs/Assault_droid.prefab
  artifactKey: Guid(885ff2a8199b92b459edd5c9476d5bd0) Importer(815301076,1909f56bfc062723c751e8b465ee728b)
Start importing Assets/Enemies/Prefabs/Assault_droid.prefab using Guid(885ff2a8199b92b459edd5c9476d5bd0) Importer(815301076,1909f56bfc062723c751e8b465ee728b)  -> (artifact id: '0cb54eeb5ec834128d10b5fa8f4f312f') in 0.098498 seconds
  Import took 0.109658 seconds .

========================================================================
Received Import Request.
  Time since last request: 0.111900 seconds.
  path: Assets/Enemies/Prefabs/Assault_droid.prefab
  artifactKey: Guid(885ff2a8199b92b459edd5c9476d5bd0) Importer(815301076,1909f56bfc062723c751e8b465ee728b)
Start importing Assets/Enemies/Prefabs/Assault_droid.prefab using Guid(885ff2a8199b92b459edd5c9476d5bd0) Importer(815301076,1909f56bfc062723c751e8b465ee728b)  -> (artifact id: '0cb54eeb5ec834128d10b5fa8f4f312f') in 0.024595 seconds
  Import took 0.035261 seconds .

========================================================================
Received Import Request.
  Time since last request: 4.897507 seconds.
  path: Assets/Enemies/Prefabs/Heavy_droid.prefab
  artifactKey: Guid(78371bd39cabd6444a2172165d0be7a9) Importer(815301076,1909f56bfc062723c751e8b465ee728b)
Start importing Assets/Enemies/Prefabs/Heavy_droid.prefab using Guid(78371bd39cabd6444a2172165d0be7a9) Importer(815301076,1909f56bfc062723c751e8b465ee728b)  -> (artifact id: 'd61be3105793f915d82f0b186d48af68') in 0.024085 seconds
  Import took 0.035374 seconds .

========================================================================
Received Import Request.
  Time since last request: 0.005153 seconds.
  path: Assets/Enemies/Prefabs/Heavy_droid.prefab
  artifactKey: Guid(78371bd39cabd6444a2172165d0be7a9) Importer(815301076,1909f56bfc062723c751e8b465ee728b)
Start importing Assets/Enemies/Prefabs/Heavy_droid.prefab using Guid(78371bd39cabd6444a2172165d0be7a9) Importer(815301076,1909f56bfc062723c751e8b465ee728b)  -> (artifact id: 'd61be3105793f915d82f0b186d48af68') in 0.042518 seconds
  Import took 0.053937 seconds .

========================================================================
Received Prepare
Registering precompiled user dll's ...
Registered in 0.003673 seconds.
Begin MonoManager ReloadAssembly
Native extension for WindowsStandalone target not found
Refreshing native plugins compatible for Editor in 0.59 ms, found 0 plugins.
Preloading 0 native plugins for Editor in 0.00 ms.
Invoked RoslynAnalysisRunner static constructor.
RoslynAnalysisRunner will not be running.
RoslynAnalysisRunner has terminated.
Mono: successfully reloaded assembly
- Completed reload, in  1.201 seconds
Platform modules already initialized, skipping
Refreshing native plugins compatible for Editor in 0.89 ms, found 0 plugins.
Preloading 0 native plugins for Editor in 0.00 ms.
Unloading 1721 Unused Serialized files (Serialized files now loaded: 0)
System memory in use before: 178.1 MB.
System memory in use after: 178.2 MB.

Unloading 7 unused Assets to reduce memory usage. Loaded Objects now: 2222.
Total: 3.009400 ms (FindLiveObjects: 0.422400 ms CreateObjectMapping: 0.153900 ms MarkObjects: 2.279100 ms  DeleteObjects: 0.152100 ms)

========================================================================
Received Prepare
Registering precompiled user dll's ...
Registered in 0.002799 seconds.
Begin MonoManager ReloadAssembly
Native extension for WindowsStandalone target not found
Refreshing native plugins compatible for Editor in 0.71 ms, found 0 plugins.
Preloading 0 native plugins for Editor in 0.00 ms.
Invoked RoslynAnalysisRunner static constructor.
RoslynAnalysisRunner will not be running.
RoslynAnalysisRunner has terminated.
Mono: successfully reloaded assembly
- Completed reload, in  1.171 seconds
Platform modules already initialized, skipping
Refreshing native plugins compatible for Editor in 0.53 ms, found 0 plugins.
Preloading 0 native plugins for Editor in 0.00 ms.
Unloading 1721 Unused Serialized files (Serialized files now loaded: 0)
System memory in use before: 178.1 MB.
System memory in use after: 178.2 MB.

Unloading 7 unused Assets to reduce memory usage. Loaded Objects now: 2224.
Total: 2.724800 ms (FindLiveObjects: 0.245600 ms CreateObjectMapping: 0.047400 ms MarkObjects: 2.260000 ms  DeleteObjects: 0.170200 ms)

========================================================================
Received Prepare
Registering precompiled user dll's ...
Registered in 0.002984 seconds.
Begin MonoManager ReloadAssembly
Native extension for WindowsStandalone target not found
Refreshing native plugins compatible for Editor in 0.67 ms, found 0 plugins.
Preloading 0 native plugins for Editor in 0.00 ms.
Invoked RoslynAnalysisRunner static constructor.
RoslynAnalysisRunner will not be running.
RoslynAnalysisRunner has terminated.
Mono: successfully reloaded assembly
- Completed reload, in  1.242 seconds
Platform modules already initialized, skipping
Refreshing native plugins compatible for Editor in 0.44 ms, found 0 plugins.
Preloading 0 native plugins for Editor in 0.00 ms.
Unloading 1721 Unused Serialized files (Serialized files now loaded: 0)
System memory in use before: 178.1 MB.
System memory in use after: 178.2 MB.

Unloading 7 unused Assets to reduce memory usage. Loaded Objects now: 2226.
Total: 2.794200 ms (FindLiveObjects: 0.371100 ms CreateObjectMapping: 0.089500 ms MarkObjects: 2.169900 ms  DeleteObjects: 0.162200 ms)

AssetImportWorkerClient::OnTransportError - code=2 error=End of file
