Using pre-set license
Built from '2020.2/release' branch; Version is '2020.2.1f1 (270dd8c3da1c) revision 2559448'; Using compiler version '192528614'; Build Type 'Release'
OS: 'Windows 10  (10.0.0) 64bit' Language: 'en' Physical Memory: 16313 MB
BatchMode: 1, IsHumanControllingUs: 0, StartBugReporterOnCrash: 0, Is64bit: 1, IsPro: 0

 COMMAND LINE ARGUMENTS:
C:\Users\Sophie\Documents\2020.2.1f1\Editor\Unity.exe
-adb2
-batchMode
-noUpm
-name
AssetImportWorker0
-projectPath
B:/OneDrive - University of Lincoln/Uni/Year 3/Project/Will You Capitulate
-logFile
Logs/AssetImportWorker0.log
-srvPort
57722
Successfully changed project path to: B:/OneDrive - University of Lincoln/Uni/Year 3/Project/Will You Capitulate
B:/OneDrive - University of Lincoln/Uni/Year 3/Project/Will You Capitulate
Using Asset Import Pipeline V2.
Refreshing native plugins compatible for Editor in 56.86 ms, found 0 plugins.
Preloading 0 native plugins for Editor in 0.00 ms.
Initialize engine version: 2020.2.1f1 (270dd8c3da1c)
[Subsystems] Discovering subsystems at path C:/Users/Sophie/Documents/2020.2.1f1/Editor/Data/Resources/UnitySubsystems
[Subsystems] Discovering subsystems at path B:/OneDrive - University of Lincoln/Uni/Year 3/Project/Will You Capitulate/Assets
GfxDevice: creating device client; threaded=0
Direct3D:
    Version:  Direct3D 11.0 [level 11.1]
    Renderer: NVIDIA GeForce GTX 1050 Ti (ID=0x1c82)
    Vendor:   
    VRAM:     4018 MB
    Driver:   27.21.14.5671
Initialize mono
Mono path[0] = 'C:/Users/Sophie/Documents/2020.2.1f1/Editor/Data/Managed'
Mono path[1] = 'C:/Users/Sophie/Documents/2020.2.1f1/Editor/Data/MonoBleedingEdge/lib/mono/unityjit'
Mono config path = 'C:/Users/Sophie/Documents/2020.2.1f1/Editor/Data/MonoBleedingEdge/etc'
Using monoOptions --debugger-agent=transport=dt_socket,embedding=1,server=y,suspend=n,address=127.0.0.1:56180
Begin MonoManager ReloadAssembly
Registering precompiled unity dll's ...
Register platform support module: C:/Users/Sophie/Documents/2020.2.1f1/Editor/Data/PlaybackEngines/WindowsStandaloneSupport/UnityEditor.WindowsStandalone.Extensions.dll
Registered in 0.001537 seconds.
Native extension for WindowsStandalone target not found
Refreshing native plugins compatible for Editor in 53.81 ms, found 0 plugins.
Preloading 0 native plugins for Editor in 0.00 ms.
Invoked RoslynAnalysisRunner static constructor.
RoslynAnalysisRunner will not be running.
RoslynAnalysisRunner has terminated.
Mono: successfully reloaded assembly
- Completed reload, in  2.317 seconds
Platform modules already initialized, skipping
Registering precompiled user dll's ...
Registered in 0.002913 seconds.
Begin MonoManager ReloadAssembly
Native extension for WindowsStandalone target not found
Refreshing native plugins compatible for Editor in 0.50 ms, found 0 plugins.
Preloading 0 native plugins for Editor in 0.00 ms.
Invoked RoslynAnalysisRunner static constructor.
RoslynAnalysisRunner will not be running.
RoslynAnalysisRunner has terminated.
Mono: successfully reloaded assembly
- Completed reload, in  1.790 seconds
Platform modules already initialized, skipping
========================================================================
Worker process is ready to serve import requests
Launched and connected shader compiler UnityShaderCompiler.exe after 0.05 seconds
Refreshing native plugins compatible for Editor in 0.51 ms, found 0 plugins.
Preloading 0 native plugins for Editor in 0.00 ms.
Unloading 1760 Unused Serialized files (Serialized files now loaded: 0)
System memory in use before: 166.3 MB.
System memory in use after: 166.3 MB.

Unloading 12 unused Assets to reduce memory usage. Loaded Objects now: 2214.
Total: 3.013700 ms (FindLiveObjects: 0.311200 ms CreateObjectMapping: 0.052900 ms MarkObjects: 2.452800 ms  DeleteObjects: 0.195200 ms)

========================================================================
Received Import Request.
  path: Assets/Materials/Forget.mat
  artifactKey: Guid(33581a0d40f01a241871cac9fd167175) Importer(815301076,1909f56bfc062723c751e8b465ee728b)
Start importing Assets/Materials/Forget.mat using Guid(33581a0d40f01a241871cac9fd167175) Importer(815301076,1909f56bfc062723c751e8b465ee728b)  -> (artifact id: '90b0910b64bf34c36676ef538239acac') in 0.162382 seconds
  Import took 0.173622 seconds .

========================================================================
Received Import Request.
  Time since last request: 0.000533 seconds.
  path: Assets/Materials
  artifactKey: Guid(55c77e9137263e74dac9d392afe22275) Importer(815301076,1909f56bfc062723c751e8b465ee728b)
Start importing Assets/Materials using Guid(55c77e9137263e74dac9d392afe22275) Importer(815301076,1909f56bfc062723c751e8b465ee728b)  -> (artifact id: 'e9eb0a8d82ff615160d90e30517d4ba1') in 0.007364 seconds
  Import took 0.017797 seconds .

========================================================================
Received Import Request.
  Time since last request: 55.692524 seconds.
  path: Assets/Scripts
  artifactKey: Guid(9670b68617237aa4282558cef316e129) Importer(815301076,1909f56bfc062723c751e8b465ee728b)
Start importing Assets/Scripts using Guid(9670b68617237aa4282558cef316e129) Importer(815301076,1909f56bfc062723c751e8b465ee728b)  -> (artifact id: 'd889b2dd5f7a261b59861f14d7174fe6') in 0.011032 seconds
  Import took 0.023591 seconds .

========================================================================
Received Import Request.
  Time since last request: 1.565895 seconds.
  path: Assets/AchievementManager.cs
  artifactKey: Guid(8627a89d3cee13e46a8db358c832699d) Importer(815301076,1909f56bfc062723c751e8b465ee728b)
Start importing Assets/AchievementManager.cs using Guid(8627a89d3cee13e46a8db358c832699d) Importer(815301076,1909f56bfc062723c751e8b465ee728b)  -> (artifact id: '121264dc60b2579a2c7eafef68b63fac') in 0.011510 seconds
  Import took 0.023019 seconds .

========================================================================
Received Import Request.
  Time since last request: 0.924594 seconds.
  path: Assets/SecretRoom.cs
  artifactKey: Guid(5045ff9489d9ea84cb80353552f1553a) Importer(815301076,1909f56bfc062723c751e8b465ee728b)
Start importing Assets/SecretRoom.cs using Guid(5045ff9489d9ea84cb80353552f1553a) Importer(815301076,1909f56bfc062723c751e8b465ee728b)  -> (artifact id: '81093d1dad64e41c1a3674e74dd7b929') in 0.010150 seconds
  Import took 0.022255 seconds .

========================================================================
Received Import Request.
  Time since last request: 5.216905 seconds.
  path: Assets/Cone.cs
  artifactKey: Guid(d84d1da8fd8ae0e42b57a0fa6ccdff69) Importer(815301076,1909f56bfc062723c751e8b465ee728b)
Start importing Assets/Cone.cs using Guid(d84d1da8fd8ae0e42b57a0fa6ccdff69) Importer(815301076,1909f56bfc062723c751e8b465ee728b)  -> (artifact id: '081796657a03446777a2fe768c0b9b3a') in 0.010173 seconds
  Import took 0.021637 seconds .

========================================================================
Received Prepare
Registering precompiled user dll's ...
Registered in 0.002846 seconds.
Begin MonoManager ReloadAssembly
Native extension for WindowsStandalone target not found
Refreshing native plugins compatible for Editor in 0.48 ms, found 0 plugins.
Preloading 0 native plugins for Editor in 0.00 ms.
Invoked RoslynAnalysisRunner static constructor.
RoslynAnalysisRunner will not be running.
RoslynAnalysisRunner has terminated.
Mono: successfully reloaded assembly
- Completed reload, in  1.159 seconds
Platform modules already initialized, skipping
Refreshing native plugins compatible for Editor in 0.50 ms, found 0 plugins.
Preloading 0 native plugins for Editor in 0.00 ms.
Unloading 1728 Unused Serialized files (Serialized files now loaded: 0)
System memory in use before: 168.5 MB.
System memory in use after: 168.6 MB.

Unloading 7 unused Assets to reduce memory usage. Loaded Objects now: 2257.
Total: 3.172100 ms (FindLiveObjects: 0.385500 ms CreateObjectMapping: 0.079100 ms MarkObjects: 2.555100 ms  DeleteObjects: 0.150800 ms)

========================================================================
Received Import Request.
  Time since last request: 6.603996 seconds.
  path: Assets/Scripts/PizzaTime.cs
  artifactKey: Guid(ceba0f68022c90e438654af1c4f4a9bc) Importer(815301076,1909f56bfc062723c751e8b465ee728b)
Start importing Assets/Scripts/PizzaTime.cs using Guid(ceba0f68022c90e438654af1c4f4a9bc) Importer(815301076,1909f56bfc062723c751e8b465ee728b)  -> (artifact id: 'f26eee9bc40e1639bc35cbb7faa1d258') in 0.016129 seconds
  Import took 0.027925 seconds .

========================================================================
Received Prepare
Registering precompiled user dll's ...
Registered in 0.003136 seconds.
Begin MonoManager ReloadAssembly
Native extension for WindowsStandalone target not found
Refreshing native plugins compatible for Editor in 0.47 ms, found 0 plugins.
Preloading 0 native plugins for Editor in 0.00 ms.
Invoked RoslynAnalysisRunner static constructor.
RoslynAnalysisRunner will not be running.
RoslynAnalysisRunner has terminated.
Mono: successfully reloaded assembly
- Completed reload, in  1.151 seconds
Platform modules already initialized, skipping
Refreshing native plugins compatible for Editor in 0.48 ms, found 0 plugins.
Preloading 0 native plugins for Editor in 0.00 ms.
Unloading 1727 Unused Serialized files (Serialized files now loaded: 0)
System memory in use before: 168.5 MB.
System memory in use after: 168.6 MB.

Unloading 7 unused Assets to reduce memory usage. Loaded Objects now: 2259.
Total: 2.302400 ms (FindLiveObjects: 0.221300 ms CreateObjectMapping: 0.046000 ms MarkObjects: 1.890400 ms  DeleteObjects: 0.143500 ms)

========================================================================
Received Prepare
Registering precompiled user dll's ...
Registered in 0.004760 seconds.
Begin MonoManager ReloadAssembly
Native extension for WindowsStandalone target not found
Refreshing native plugins compatible for Editor in 0.99 ms, found 0 plugins.
Preloading 0 native plugins for Editor in 0.00 ms.
Invoked RoslynAnalysisRunner static constructor.
RoslynAnalysisRunner will not be running.
RoslynAnalysisRunner has terminated.
Mono: successfully reloaded assembly
- Completed reload, in  1.815 seconds
Platform modules already initialized, skipping
Refreshing native plugins compatible for Editor in 0.59 ms, found 0 plugins.
Preloading 0 native plugins for Editor in 0.00 ms.
Unloading 1727 Unused Serialized files (Serialized files now loaded: 0)
System memory in use before: 168.5 MB.
System memory in use after: 168.6 MB.

Unloading 7 unused Assets to reduce memory usage. Loaded Objects now: 2261.
Total: 5.844000 ms (FindLiveObjects: 0.500300 ms CreateObjectMapping: 0.063900 ms MarkObjects: 5.055900 ms  DeleteObjects: 0.222500 ms)

AssetImportWorkerClient::OnTransportError - code=2 error=End of file
